<?xml version="1.0" encoding="UTF-8"?>
<testng-results ignored="0" total="1" passed="1" failed="0" skipped="0">
  <reporter-output>
  </reporter-output>
  <suite started-at="2020-09-02T11:19:28Z" name="Suite" finished-at="2020-09-02T11:19:47Z" duration-ms="19790">
    <groups>
    </groups>
    <test started-at="2020-09-02T11:19:28Z" name="Test" finished-at="2020-09-02T11:19:47Z" duration-ms="19790">
      <class name="com.Learnautomation.testcases.LoginTest">
        <test-method is-config="true" signature="setupSuite()[pri:0, instance:com.Learnautomation.testcases.LoginTest@5a45133e]" started-at="2020-09-02T16:49:27Z" name="setupSuite" finished-at="2020-09-02T16:49:28Z" duration-ms="1063" status="PASS">
          <reporter-output>
          </reporter-output>
        </test-method> <!-- setupSuite -->
        <test-method is-config="true" signature="setup()[pri:0, instance:com.Learnautomation.testcases.LoginTest@5a45133e]" started-at="2020-09-02T16:49:28Z" name="setup" finished-at="2020-09-02T16:49:36Z" duration-ms="8344" status="PASS">
          <reporter-output>
          </reporter-output>
        </test-method> <!-- setup -->
        <test-method signature="test1()[pri:0, instance:com.Learnautomation.testcases.LoginTest@5a45133e]" started-at="2020-09-02T16:49:36Z" name="test1" finished-at="2020-09-02T16:49:45Z" duration-ms="9350" status="PASS">
          <reporter-output>
          </reporter-output>
        </test-method> <!-- test1 -->
        <test-method is-config="true" signature="tearDownMethod(org.testng.ITestResult)[pri:0, instance:com.Learnautomation.testcases.LoginTest@5a45133e]" started-at="2020-09-02T16:49:45Z" name="tearDownMethod" finished-at="2020-09-02T16:49:47Z" duration-ms="1426" status="PASS">
          <params>
            <param index="0">
              <value>
                <![CDATA[[TestResult name=test1 status=SUCCESS method=LoginTest.test1()[pri:0, instance:com.Learnautomation.testcases.LoginTest@5a45133e] output={null}]]]>
              </value>
            </param>
          </params>
          <reporter-output>
          </reporter-output>
        </test-method> <!-- tearDownMethod -->
        <test-method is-config="true" signature="teardown()[pri:0, instance:com.Learnautomation.testcases.LoginTest@5a45133e]" started-at="2020-09-02T16:49:47Z" name="teardown" finished-at="2020-09-02T16:49:47Z" duration-ms="657" status="PASS">
          <reporter-output>
          </reporter-output>
        </test-method> <!-- teardown -->
      </class> <!-- com.Learnautomation.testcases.LoginTest -->
    </test> <!-- Test -->
  </suite> <!-- Suite -->
</testng-results>
